<?xml version="1.0" encoding="UTF-8"?>
<!-- Generated by org.testng.reporters.JUnitXMLReporter -->
<testsuite ignored="0" hostname="LAPTOP-5CK4J9DQ" failures="1" tests="5" name="Registration Test" time="37.029" errors="0" timestamp="2023-12-07T00:56:40 EST">
  <testcase classname="com.phonelcdparts.registrationTest.RegistrationTest" name="aloRegistrationTest" time="4.269"/>
  <testcase classname="com.phonelcdparts.registrationTest.RegistrationTest2" name="dupurRegistrationTest" time="3.539"/>
  <testcase classname="com.phonelcdparts.registrationTest.RegistrationTest2" name="bikelRegistrationTest" time="3.237"/>
  <testcase classname="com.phonelcdparts.registrationTest.RegistrationTest" name="sokalRegistrationTest" time="2.723">
    <failure type="java.lang.AssertionError" message="expected [Create New Customer Account] but found [hello]">
      <![CDATA[java.lang.AssertionError: expected [Create New Customer Account] but found [hello]
at com.phonelcdparts.registrationTest.RegistrationTest.sokalRegistrationTest(RegistrationTest.java:53)
at java.base/java.util.ArrayList.forEach(ArrayList.java:1511)
at java.base/java.util.concurrent.FutureTask.run(FutureTask.java:317)
at java.base/java.util.concurrent.ThreadPoolExecutor.runWorker(ThreadPoolExecutor.java:1144)
at java.base/java.util.concurrent.ThreadPoolExecutor$Worker.run(ThreadPoolExecutor.java:642)
at java.base/java.lang.Thread.run(Thread.java:1623)
... Removed 21 stack frames]]>
    </failure>
  </testcase> <!-- sokalRegistrationTest -->
  <testcase classname="com.phonelcdparts.registrationTest.RegistrationTest" name="testSkiped" time="0.0">
    <skipped/>
  </testcase> <!-- testSkiped -->
</testsuite> <!-- Registration Test -->
