<?xml version="1.0" encoding="UTF-8"?>
<!-- Generated by org.testng.reporters.JUnitXMLReporter -->
<testsuite ignored="3" hostname="LAPTOP-5CK4J9DQ" failures="2" tests="5" name="Regrassion Test" time="32.589" errors="0" timestamp="2023-11-26T23:07:57 EST">
  <testcase classname="com.phonelcdparts.loginTest.LoginTest" name="loginTest2" time="4.155">
    <failure type="java.lang.AssertionError" message="expected [Customer Login] but found [hello]">
      <![CDATA[java.lang.AssertionError: expected [Customer Login] but found [hello]
at com.phonelcdparts.loginTest.LoginTest.loginTest2(LoginTest.java:62)
at java.base/java.util.ArrayList.forEach(ArrayList.java:1511)
... Removed 31 stack frames]]>
    </failure>
  </testcase> <!-- loginTest2 -->
  <testcase classname="com.phonelcdparts.registrationTest.RegistrationTest2" name="dupurRegistrationTest" time="2.825"/>
  <testcase classname="com.phonelcdparts.loginTest.LoginTest2" name="loginTest" time="3.492"/>
  <testcase classname="com.phonelcdparts.registrationTest.RegistrationTest" name="sokalRegistrationTest" time="3.561">
    <failure type="java.lang.AssertionError" message="expected [Create New Customer Account] but found [hello]">
      <![CDATA[java.lang.AssertionError: expected [Create New Customer Account] but found [hello]
at com.phonelcdparts.registrationTest.RegistrationTest.sokalRegistrationTest(RegistrationTest.java:53)
at java.base/java.util.ArrayList.forEach(ArrayList.java:1511)
... Removed 31 stack frames]]>
    </failure>
  </testcase> <!-- sokalRegistrationTest -->
  <testcase classname="com.phonelcdparts.registrationTest.RegistrationTest" name="testSkiped" time="0.001">
    <skipped/>
  </testcase> <!-- testSkiped -->
  <testcase classname="com.phonelcdparts.registrationTest.RegistrationTest" name="aloRegistrationTest" time="0.0">
    <ignored/>
  </testcase> <!-- aloRegistrationTest -->
  <testcase classname="com.phonelcdparts.registrationTest.RegistrationTest2" name="bikelRegistrationTest" time="0.0">
    <ignored/>
  </testcase> <!-- bikelRegistrationTest -->
  <testcase classname="com.phonelcdparts.loginTest.LoginTest" name="loginTest" time="0.0">
    <ignored/>
  </testcase> <!-- loginTest -->
</testsuite> <!-- Regrassion Test -->
